jun 16, 2021 2:41:10 PM estructurasdd_tpfinal.Mundial2018 altaEquipo
INFO: Equipo ARGENTINA dado de alta exitosamente
jun 16, 2021 2:41:10 PM estructurasdd_tpfinal.Mundial2018 altaEquipo
INFO: Equipo FRANCIA dado de alta exitosamente
jun 16, 2021 2:41:10 PM estructurasdd_tpfinal.Mundial2018 altaEquipo
INFO: Equipo RUSIA dado de alta exitosamente
jun 16, 2021 2:41:10 PM estructurasdd_tpfinal.Mundial2018 altaEquipo
INFO: Equipo ESTADOS UNIDOS dado de alta exitosamente
jun 16, 2021 2:41:10 PM estructurasdd_tpfinal.Mundial2018 altaEquipo
INFO: Equipo JAPON dado de alta exitosamente
jun 16, 2021 2:41:10 PM estructurasdd_tpfinal.Mundial2018 altaEquipo
INFO: Equipo ITALIA dado de alta exitosamente
jun 16, 2021 2:41:10 PM estructurasdd_tpfinal.Mundial2018 altaEquipo
INFO: Equipo IRLANDA dado de alta exitosamente
jun 16, 2021 2:41:10 PM estructurasdd_tpfinal.Mundial2018 altaEquipo
INFO: Equipo POLONIA dado de alta exitosamente
jun 16, 2021 2:41:10 PM estructurasdd_tpfinal.Mundial2018 altaEquipo
INFO: Equipo ARABIA SAUDITA dado de alta exitosamente
jun 16, 2021 2:41:10 PM estructurasdd_tpfinal.Mundial2018 altaEquipo
INFO: Equipo ALEMANIA dado de alta exitosamente
jun 16, 2021 2:41:10 PM estructurasdd_tpfinal.Mundial2018 altaEquipo
INFO: Equipo ETIOPIA dado de alta exitosamente
jun 16, 2021 2:41:10 PM estructurasdd_tpfinal.Mundial2018 altaEquipo
INFO: Equipo ESPAÑA dado de alta exitosamente
jun 16, 2021 2:41:10 PM estructurasdd_tpfinal.Mundial2018 altaEquipo
INFO: Equipo HOLANDA dado de alta exitosamente
jun 16, 2021 2:41:10 PM estructurasdd_tpfinal.Mundial2018 altaEquipo
INFO: Equipo BELGICA dado de alta exitosamente
jun 16, 2021 2:41:10 PM estructurasdd_tpfinal.Mundial2018 altaEquipo
INFO: Equipo URUGUAY dado de alta exitosamente
jun 16, 2021 2:41:10 PM estructurasdd_tpfinal.Mundial2018 altaEquipo
INFO: Equipo BRASIL dado de alta exitosamente
jun 16, 2021 2:41:10 PM estructurasdd_tpfinal.Mundial2018 altaEquipo
INFO: Equipo EGIPTO dado de alta exitosamente
jun 16, 2021 2:41:10 PM estructurasdd_tpfinal.Mundial2018 altaEquipo
INFO: Equipo PORTUGAL dado de alta exitosamente
jun 16, 2021 2:41:10 PM estructurasdd_tpfinal.Mundial2018 altaEquipo
INFO: Equipo MEJICO dado de alta exitosamente
jun 16, 2021 2:41:10 PM estructurasdd_tpfinal.Mundial2018 altaEquipo
INFO: Equipo COLOMBIA dado de alta exitosamente
jun 16, 2021 2:41:10 PM estructurasdd_tpfinal.Mundial2018 altaEquipo
INFO: Equipo ESTONIA dado de alta exitosamente
jun 16, 2021 2:41:10 PM estructurasdd_tpfinal.Mundial2018 altaEquipo
INFO: Equipo LATVIA dado de alta exitosamente
jun 16, 2021 2:41:10 PM estructurasdd_tpfinal.Mundial2018 altaEquipo
INFO: Equipo ISLANDIA dado de alta exitosamente
jun 16, 2021 2:41:10 PM estructurasdd_tpfinal.Mundial2018 altaCiudad
INFO: Ciudad SAN PETERSBURGO dada de alta exitosamente
jun 16, 2021 2:41:10 PM estructurasdd_tpfinal.Mundial2018 altaCiudad
INFO: Ciudad NOVGOROD dada de alta exitosamente
jun 16, 2021 2:41:10 PM estructurasdd_tpfinal.Mundial2018 altaCiudad
INFO: Ciudad MURMANSK dada de alta exitosamente
jun 16, 2021 2:41:10 PM estructurasdd_tpfinal.Mundial2018 altaCiudad
INFO: Ciudad MOSCU dada de alta exitosamente
jun 16, 2021 2:41:10 PM estructurasdd_tpfinal.Mundial2018 altaCiudad
INFO: Ciudad VORONEZH dada de alta exitosamente
jun 16, 2021 2:41:10 PM estructurasdd_tpfinal.Mundial2018 altaCiudad
INFO: Ciudad VOLGOGRADO dada de alta exitosamente
jun 16, 2021 2:41:10 PM estructurasdd_tpfinal.Mundial2018 altaCiudad
INFO: Ciudad SEBASTOPOL dada de alta exitosamente
jun 16, 2021 2:41:10 PM estructurasdd_tpfinal.Mundial2018 altaCiudad
INFO: Ciudad KRASNODAR dada de alta exitosamente
jun 16, 2021 2:41:10 PM estructurasdd_tpfinal.Mundial2018 altaCiudad
INFO: Ciudad NIZHNI NOVGOROD dada de alta exitosamente
jun 16, 2021 2:41:10 PM estructurasdd_tpfinal.Mundial2018 altaCiudad
INFO: Ciudad SAMARA dada de alta exitosamente
jun 16, 2021 2:41:10 PM estructurasdd_tpfinal.Mundial2018 altaCiudad
INFO: Ciudad KIROV dada de alta exitosamente
jun 16, 2021 2:41:10 PM estructurasdd_tpfinal.Mundial2018 altaCiudad
INFO: Ciudad YAROSLAVL dada de alta exitosamente
jun 16, 2021 2:41:10 PM estructurasdd_tpfinal.Mundial2018 altaCiudad
INFO: Ciudad ROSTOV DEL DON dada de alta exitosamente
jun 16, 2021 2:41:10 PM estructurasdd_tpfinal.Mundial2018 altaCiudad
INFO: Ciudad SARATOV dada de alta exitosamente
jun 16, 2021 2:41:10 PM estructurasdd_tpfinal.Mundial2018 altaCiudad
INFO: Ciudad TOLIATTI dada de alta exitosamente
jun 16, 2021 2:41:10 PM estructurasdd_tpfinal.Mundial2018 altaCiudad
INFO: Ciudad KAZAN dada de alta exitosamente
jun 16, 2021 2:41:10 PM estructurasdd_tpfinal.Mundial2018 altaCiudad
INFO: Ciudad PERM dada de alta exitosamente
jun 16, 2021 2:41:10 PM estructurasdd_tpfinal.Mundial2018 altaCiudad
INFO: Ciudad EKATERIMBURGO dada de alta exitosamente
jun 16, 2021 2:41:10 PM estructurasdd_tpfinal.Mundial2018 altaCiudad
INFO: Ciudad TVER dada de alta exitosamente
jun 16, 2021 2:41:10 PM estructurasdd_tpfinal.Mundial2018 altaCiudad
INFO: Ciudad BORISOGLEBSK dada de alta exitosamente
jun 16, 2021 2:41:10 PM estructurasdd_tpfinal.Mundial2018 altaPartido
INFO: Partido agregado con exito
jun 16, 2021 2:41:10 PM estructurasdd_tpfinal.Mundial2018 altaPartido
INFO: Partido agregado con exito
jun 16, 2021 2:41:10 PM estructurasdd_tpfinal.Mundial2018 altaPartido
INFO: Partido agregado con exito
jun 16, 2021 2:41:10 PM estructurasdd_tpfinal.Mundial2018 altaRuta
INFO: Ruta dada de alta exitosamente
jun 16, 2021 2:41:10 PM estructurasdd_tpfinal.Mundial2018 altaRuta
INFO: Ruta dada de alta exitosamente
jun 16, 2021 2:41:10 PM estructurasdd_tpfinal.Mundial2018 altaRuta
INFO: Ruta dada de alta exitosamente
jun 16, 2021 2:41:10 PM estructurasdd_tpfinal.Mundial2018 altaRuta
INFO: Ruta dada de alta exitosamente
jun 16, 2021 2:41:10 PM estructurasdd_tpfinal.Mundial2018 altaRuta
INFO: Ruta dada de alta exitosamente
jun 16, 2021 2:41:10 PM estructurasdd_tpfinal.Mundial2018 altaRuta
INFO: Ruta dada de alta exitosamente
jun 16, 2021 2:41:10 PM estructurasdd_tpfinal.Mundial2018 altaRuta
INFO: Ruta dada de alta exitosamente
jun 16, 2021 2:41:10 PM estructurasdd_tpfinal.Mundial2018 altaRuta
INFO: Ruta dada de alta exitosamente
jun 16, 2021 2:41:10 PM estructurasdd_tpfinal.Mundial2018 altaRuta
INFO: Ruta dada de alta exitosamente
jun 16, 2021 2:41:10 PM estructurasdd_tpfinal.Mundial2018 altaRuta
INFO: Ruta dada de alta exitosamente
jun 16, 2021 2:41:10 PM estructurasdd_tpfinal.Mundial2018 altaRuta
INFO: Ruta dada de alta exitosamente
jun 16, 2021 2:41:10 PM estructurasdd_tpfinal.Mundial2018 altaRuta
INFO: Ruta dada de alta exitosamente
jun 16, 2021 2:41:10 PM estructurasdd_tpfinal.Mundial2018 altaRuta
INFO: Ruta dada de alta exitosamente
jun 16, 2021 2:41:10 PM estructurasdd_tpfinal.Mundial2018 altaRuta
INFO: Ruta dada de alta exitosamente
jun 16, 2021 2:41:10 PM estructurasdd_tpfinal.Mundial2018 altaRuta
INFO: Ruta dada de alta exitosamente
jun 16, 2021 2:41:10 PM estructurasdd_tpfinal.Mundial2018 altaRuta
INFO: Ruta dada de alta exitosamente
jun 16, 2021 2:41:10 PM estructurasdd_tpfinal.Mundial2018 altaRuta
INFO: Ruta dada de alta exitosamente
jun 16, 2021 2:41:10 PM estructurasdd_tpfinal.Mundial2018 altaRuta
INFO: Ruta dada de alta exitosamente
jun 16, 2021 2:41:10 PM estructurasdd_tpfinal.Mundial2018 altaRuta
INFO: Ruta dada de alta exitosamente
jun 16, 2021 2:41:10 PM estructurasdd_tpfinal.Mundial2018 altaRuta
INFO: Ruta dada de alta exitosamente
jun 16, 2021 2:41:10 PM estructurasdd_tpfinal.Mundial2018 altaRuta
INFO: Ruta dada de alta exitosamente
jun 16, 2021 2:41:10 PM estructurasdd_tpfinal.Mundial2018 altaRuta
INFO: Ruta dada de alta exitosamente
jun 16, 2021 2:41:10 PM estructurasdd_tpfinal.Mundial2018 altaRuta
INFO: Ruta dada de alta exitosamente
jun 16, 2021 2:41:10 PM estructurasdd_tpfinal.Mundial2018 altaRuta
INFO: Ruta dada de alta exitosamente
jun 16, 2021 2:41:10 PM estructurasdd_tpfinal.Mundial2018 altaRuta
INFO: Ruta dada de alta exitosamente
jun 16, 2021 2:41:10 PM estructurasdd_tpfinal.Mundial2018 altaRuta
INFO: Ruta dada de alta exitosamente
jun 16, 2021 2:41:10 PM estructurasdd_tpfinal.Mundial2018 altaRuta
INFO: Ruta dada de alta exitosamente
jun 16, 2021 2:41:10 PM estructurasdd_tpfinal.Mundial2018 altaRuta
INFO: Ruta dada de alta exitosamente
jun 16, 2021 2:41:10 PM estructurasdd_tpfinal.Mundial2018 altaRuta
INFO: Ruta dada de alta exitosamente
jun 16, 2021 2:41:10 PM estructurasdd_tpfinal.Mundial2018 mostrarSistema
INFO: Mapa ciudades (Grafo Lista de Adyacencia):
Nombre: BORISOGLEBSK Superficie: 42.0 Habitantes: 63731 es sede: false
Nombre: MOSCU Superficie: 2561.5 Habitantes: 12506468 es sede: true
Nombre: TVER Superficie: 152.0 Habitantes: 416262 es sede: false
Nombre: SAN PETERSBURGO Superficie: 1439.0 Habitantes: 5383890 es sede: true
Nombre: NOVGOROD Superficie: 90.08 Habitantes: 222868 es sede: false
Nombre: MURMANSK Superficie: 150.05 Habitantes: 307257 es sede: false
Nombre: YAROSLAVL Superficie: 205.37 Habitantes: 609828 es sede: true
Nombre: VORONEZH Superficie: 601.0 Habitantes: 1054111 es sede: true
Nombre: ROSTOV DEL DON Superficie: 354.0 Habitantes: 1133307 es sede: true
Nombre: KRASNODAR Superficie: 841.36 Habitantes: 881476 es sede: true
Nombre: SEBASTOPOL Superficie: 1080.0 Habitantes: 344144 es sede: false
Nombre: VOLGOGRADO Superficie: 565.0 Habitantes: 1021200 es sede: true
Nombre: SARATOV Superficie: 394.0 Habitantes: 836900 es sede: true
Nombre: SAMARA Superficie: 465.97 Habitantes: 1135318 es sede: true
Nombre: TOLIATTI Superficie: 314.8 Habitantes: 795696 es sede: true
Nombre: KAZAN Superficie: 408.9 Habitantes: 1231878 es sede: true
Nombre: NIZHNI NOVGOROD Superficie: 673.0 Habitantes: 1267760 es sede: true
Nombre: KIROV Superficie: 757.0 Habitantes: 501468 es sede: true
Nombre: PERM Superficie: 800.0 Habitantes: 1026477 es sede: false
Nombre: EKATERIMBURGO Superficie: 490.0 Habitantes: 1501000 es sede: true

Equipos (Diccionario AVL):
4 - FRANCIA   HI:BRASIL   HD:JAPON
3 - BRASIL   HI:ARGENTINA   HD:ESPAÑA
2 - ARGENTINA   HI:ARABIA SAUDITA   HD:BELGICA
1 - ARABIA SAUDITA   HI:ALEMANIA   HD: null
0 - ALEMANIA   HI: null   HD: null
0 - BELGICA   HI: null   HD: null
2 - ESPAÑA   HI:EGIPTO   HD:ESTONIA
1 - EGIPTO   HI:COLOMBIA   HD: null
0 - COLOMBIA   HI: null   HD: null
1 - ESTONIA   HI:ESTADOS UNIDOS   HD:ETIOPIA
0 - ESTADOS UNIDOS   HI: null   HD: null
0 - ETIOPIA   HI: null   HD: null
3 - JAPON   HI:IRLANDA   HD:POLONIA
2 - IRLANDA   HI:HOLANDA   HD:ITALIA
0 - HOLANDA   HI: null   HD: null
1 - ITALIA   HI:ISLANDIA   HD: null
0 - ISLANDIA   HI: null   HD: null
2 - POLONIA   HI:MEJICO   HD:RUSIA
1 - MEJICO   HI:LATVIA   HD: null
0 - LATVIA   HI: null   HD: null
1 - RUSIA   HI:PORTUGAL   HD:URUGUAY
0 - PORTUGAL   HI: null   HD: null
0 - URUGUAY   HI: null   HD: null

Partidos (Mapeo a muchos, Hash):
Dominio: Pais: ARGENTINA Director Tecnico: SAMPAOLI Puntos: 4 Goles a favor: 9 Goles en contra: 4 Grupo: D Diferencia de goles: 5Pais: ISLANDIA Director Tecnico: DTISLANDIA Puntos: 15 Goles a favor: 3 Goles en contra: 4 Grupo: D Diferencia de goles: -1
Rango: Equipo1: ARGENTINA Equipo2: ISLANDIA Goles de ARGENTINA: 7 Goles de ISLANDIA: 1 Ronda: GRUPO Ciudad: MOSCU

Dominio: Pais: COLOMBIA Director Tecnico: SAMPAOLI Puntos: 1 Goles a favor: 3 Goles en contra: 4 Grupo: D Diferencia de goles: -1Pais: ESPAÑA Director Tecnico: SAMPAOLI Puntos: 15 Goles a favor: 5 Goles en contra: 4 Grupo: D Diferencia de goles: 1
Rango: Equipo1: COLOMBIA Equipo2: ESPAÑA Goles de COLOMBIA: 1 Goles de ESPAÑA: 3 Ronda: GRUPO Ciudad: ROSTOV DEL DON

Dominio: Pais: FRANCIA Director Tecnico: SAMPAOLI Puntos: 2 Goles a favor: 3 Goles en contra: 4 Grupo: D Diferencia de goles: -1Pais: POLONIA Director Tecnico: SAMPAOLI Puntos: 2 Goles a favor: 3 Goles en contra: 4 Grupo: D Diferencia de goles: -1
Rango: Equipo1: FRANCIA Equipo2: POLONIA Goles de FRANCIA: 1 Goles de POLONIA: 1 Ronda: GRUPO Ciudad: KRASNODAR


jun 16, 2021 2:41:17 PM estructurasdd_tpfinal.Mundial2018 caminosCiudades
INFO: Las rutas para llegar son: 
Nombre: MOSCU Superficie: 2561.5 Habitantes: 12506468 es sede: true
Nombre: TVER Superficie: 152.0 Habitantes: 416262 es sede: false
Nombre: SAN PETERSBURGO Superficie: 1439.0 Habitantes: 5383890 es sede: true

Nombre: MOSCU Superficie: 2561.5 Habitantes: 12506468 es sede: true
Nombre: TVER Superficie: 152.0 Habitantes: 416262 es sede: false
Nombre: NOVGOROD Superficie: 90.08 Habitantes: 222868 es sede: false
Nombre: SAN PETERSBURGO Superficie: 1439.0 Habitantes: 5383890 es sede: true

Nombre: MOSCU Superficie: 2561.5 Habitantes: 12506468 es sede: true
Nombre: YAROSLAVL Superficie: 205.37 Habitantes: 609828 es sede: true
Nombre: MURMANSK Superficie: 150.05 Habitantes: 307257 es sede: false
Nombre: SAN PETERSBURGO Superficie: 1439.0 Habitantes: 5383890 es sede: true


jun 16, 2021 2:41:21 PM estructurasdd_tpfinal.Mundial2018 caminosCiudades
INFO: Las rutas para llegar son: 
Nombre: MOSCU Superficie: 2561.5 Habitantes: 12506468 es sede: true
Nombre: TVER Superficie: 152.0 Habitantes: 416262 es sede: false

Nombre: MOSCU Superficie: 2561.5 Habitantes: 12506468 es sede: true
Nombre: YAROSLAVL Superficie: 205.37 Habitantes: 609828 es sede: true
Nombre: MURMANSK Superficie: 150.05 Habitantes: 307257 es sede: false
Nombre: SAN PETERSBURGO Superficie: 1439.0 Habitantes: 5383890 es sede: true
Nombre: NOVGOROD Superficie: 90.08 Habitantes: 222868 es sede: false
Nombre: TVER Superficie: 152.0 Habitantes: 416262 es sede: false

Nombre: MOSCU Superficie: 2561.5 Habitantes: 12506468 es sede: true
Nombre: YAROSLAVL Superficie: 205.37 Habitantes: 609828 es sede: true
Nombre: MURMANSK Superficie: 150.05 Habitantes: 307257 es sede: false
Nombre: SAN PETERSBURGO Superficie: 1439.0 Habitantes: 5383890 es sede: true
Nombre: TVER Superficie: 152.0 Habitantes: 416262 es sede: false


jun 16, 2021 2:41:25 PM estructurasdd_tpfinal.Mundial2018 caminosCiudades
INFO: Las rutas para llegar son: 
Nombre: MOSCU Superficie: 2561.5 Habitantes: 12506468 es sede: true
Nombre: ROSTOV DEL DON Superficie: 354.0 Habitantes: 1133307 es sede: true
Nombre: KRASNODAR Superficie: 841.36 Habitantes: 881476 es sede: true
Nombre: VOLGOGRADO Superficie: 565.0 Habitantes: 1021200 es sede: true
Nombre: BORISOGLEBSK Superficie: 42.0 Habitantes: 63731 es sede: false
Nombre: SARATOV Superficie: 394.0 Habitantes: 836900 es sede: true
Nombre: SAMARA Superficie: 465.97 Habitantes: 1135318 es sede: true
Nombre: TOLIATTI Superficie: 314.8 Habitantes: 795696 es sede: true
Nombre: KAZAN Superficie: 408.9 Habitantes: 1231878 es sede: true
Nombre: NIZHNI NOVGOROD Superficie: 673.0 Habitantes: 1267760 es sede: true
Nombre: KIROV Superficie: 757.0 Habitantes: 501468 es sede: true
Nombre: PERM Superficie: 800.0 Habitantes: 1026477 es sede: false
Nombre: EKATERIMBURGO Superficie: 490.0 Habitantes: 1501000 es sede: true

Nombre: MOSCU Superficie: 2561.5 Habitantes: 12506468 es sede: true
Nombre: ROSTOV DEL DON Superficie: 354.0 Habitantes: 1133307 es sede: true
Nombre: KRASNODAR Superficie: 841.36 Habitantes: 881476 es sede: true
Nombre: VOLGOGRADO Superficie: 565.0 Habitantes: 1021200 es sede: true
Nombre: BORISOGLEBSK Superficie: 42.0 Habitantes: 63731 es sede: false
Nombre: SARATOV Superficie: 394.0 Habitantes: 836900 es sede: true
Nombre: SAMARA Superficie: 465.97 Habitantes: 1135318 es sede: true
Nombre: TOLIATTI Superficie: 314.8 Habitantes: 795696 es sede: true
Nombre: KAZAN Superficie: 408.9 Habitantes: 1231878 es sede: true
Nombre: PERM Superficie: 800.0 Habitantes: 1026477 es sede: false
Nombre: EKATERIMBURGO Superficie: 490.0 Habitantes: 1501000 es sede: true

Nombre: MOSCU Superficie: 2561.5 Habitantes: 12506468 es sede: true
Nombre: ROSTOV DEL DON Superficie: 354.0 Habitantes: 1133307 es sede: true
Nombre: KRASNODAR Superficie: 841.36 Habitantes: 881476 es sede: true
Nombre: VOLGOGRADO Superficie: 565.0 Habitantes: 1021200 es sede: true
Nombre: BORISOGLEBSK Superficie: 42.0 Habitantes: 63731 es sede: false
Nombre: SARATOV Superficie: 394.0 Habitantes: 836900 es sede: true
Nombre: SAMARA Superficie: 465.97 Habitantes: 1135318 es sede: true
Nombre: TOLIATTI Superficie: 314.8 Habitantes: 795696 es sede: true
Nombre: KAZAN Superficie: 408.9 Habitantes: 1231878 es sede: true
Nombre: KIROV Superficie: 757.0 Habitantes: 501468 es sede: true
Nombre: PERM Superficie: 800.0 Habitantes: 1026477 es sede: false
Nombre: EKATERIMBURGO Superficie: 490.0 Habitantes: 1501000 es sede: true

Nombre: MOSCU Superficie: 2561.5 Habitantes: 12506468 es sede: true
Nombre: ROSTOV DEL DON Superficie: 354.0 Habitantes: 1133307 es sede: true
Nombre: KRASNODAR Superficie: 841.36 Habitantes: 881476 es sede: true
Nombre: VOLGOGRADO Superficie: 565.0 Habitantes: 1021200 es sede: true
Nombre: BORISOGLEBSK Superficie: 42.0 Habitantes: 63731 es sede: false
Nombre: SARATOV Superficie: 394.0 Habitantes: 836900 es sede: true
Nombre: SAMARA Superficie: 465.97 Habitantes: 1135318 es sede: true
Nombre: EKATERIMBURGO Superficie: 490.0 Habitantes: 1501000 es sede: true

Nombre: MOSCU Superficie: 2561.5 Habitantes: 12506468 es sede: true
Nombre: ROSTOV DEL DON Superficie: 354.0 Habitantes: 1133307 es sede: true
Nombre: KRASNODAR Superficie: 841.36 Habitantes: 881476 es sede: true
Nombre: VOLGOGRADO Superficie: 565.0 Habitantes: 1021200 es sede: true
Nombre: SARATOV Superficie: 394.0 Habitantes: 836900 es sede: true
Nombre: SAMARA Superficie: 465.97 Habitantes: 1135318 es sede: true
Nombre: TOLIATTI Superficie: 314.8 Habitantes: 795696 es sede: true
Nombre: KAZAN Superficie: 408.9 Habitantes: 1231878 es sede: true
Nombre: NIZHNI NOVGOROD Superficie: 673.0 Habitantes: 1267760 es sede: true
Nombre: KIROV Superficie: 757.0 Habitantes: 501468 es sede: true
Nombre: PERM Superficie: 800.0 Habitantes: 1026477 es sede: false
Nombre: EKATERIMBURGO Superficie: 490.0 Habitantes: 1501000 es sede: true

Nombre: MOSCU Superficie: 2561.5 Habitantes: 12506468 es sede: true
Nombre: ROSTOV DEL DON Superficie: 354.0 Habitantes: 1133307 es sede: true
Nombre: KRASNODAR Superficie: 841.36 Habitantes: 881476 es sede: true
Nombre: VOLGOGRADO Superficie: 565.0 Habitantes: 1021200 es sede: true
Nombre: SARATOV Superficie: 394.0 Habitantes: 836900 es sede: true
Nombre: SAMARA Superficie: 465.97 Habitantes: 1135318 es sede: true
Nombre: TOLIATTI Superficie: 314.8 Habitantes: 795696 es sede: true
Nombre: KAZAN Superficie: 408.9 Habitantes: 1231878 es sede: true
Nombre: PERM Superficie: 800.0 Habitantes: 1026477 es sede: false
Nombre: EKATERIMBURGO Superficie: 490.0 Habitantes: 1501000 es sede: true

Nombre: MOSCU Superficie: 2561.5 Habitantes: 12506468 es sede: true
Nombre: ROSTOV DEL DON Superficie: 354.0 Habitantes: 1133307 es sede: true
Nombre: KRASNODAR Superficie: 841.36 Habitantes: 881476 es sede: true
Nombre: VOLGOGRADO Superficie: 565.0 Habitantes: 1021200 es sede: true
Nombre: SARATOV Superficie: 394.0 Habitantes: 836900 es sede: true
Nombre: SAMARA Superficie: 465.97 Habitantes: 1135318 es sede: true
Nombre: TOLIATTI Superficie: 314.8 Habitantes: 795696 es sede: true
Nombre: KAZAN Superficie: 408.9 Habitantes: 1231878 es sede: true
Nombre: KIROV Superficie: 757.0 Habitantes: 501468 es sede: true
Nombre: PERM Superficie: 800.0 Habitantes: 1026477 es sede: false
Nombre: EKATERIMBURGO Superficie: 490.0 Habitantes: 1501000 es sede: true

Nombre: MOSCU Superficie: 2561.5 Habitantes: 12506468 es sede: true
Nombre: ROSTOV DEL DON Superficie: 354.0 Habitantes: 1133307 es sede: true
Nombre: KRASNODAR Superficie: 841.36 Habitantes: 881476 es sede: true
Nombre: VOLGOGRADO Superficie: 565.0 Habitantes: 1021200 es sede: true
Nombre: SARATOV Superficie: 394.0 Habitantes: 836900 es sede: true
Nombre: SAMARA Superficie: 465.97 Habitantes: 1135318 es sede: true
Nombre: EKATERIMBURGO Superficie: 490.0 Habitantes: 1501000 es sede: true

Nombre: MOSCU Superficie: 2561.5 Habitantes: 12506468 es sede: true
Nombre: ROSTOV DEL DON Superficie: 354.0 Habitantes: 1133307 es sede: true
Nombre: VOLGOGRADO Superficie: 565.0 Habitantes: 1021200 es sede: true
Nombre: BORISOGLEBSK Superficie: 42.0 Habitantes: 63731 es sede: false
Nombre: SARATOV Superficie: 394.0 Habitantes: 836900 es sede: true
Nombre: SAMARA Superficie: 465.97 Habitantes: 1135318 es sede: true
Nombre: TOLIATTI Superficie: 314.8 Habitantes: 795696 es sede: true
Nombre: KAZAN Superficie: 408.9 Habitantes: 1231878 es sede: true
Nombre: NIZHNI NOVGOROD Superficie: 673.0 Habitantes: 1267760 es sede: true
Nombre: KIROV Superficie: 757.0 Habitantes: 501468 es sede: true
Nombre: PERM Superficie: 800.0 Habitantes: 1026477 es sede: false
Nombre: EKATERIMBURGO Superficie: 490.0 Habitantes: 1501000 es sede: true

Nombre: MOSCU Superficie: 2561.5 Habitantes: 12506468 es sede: true
Nombre: ROSTOV DEL DON Superficie: 354.0 Habitantes: 1133307 es sede: true
Nombre: VOLGOGRADO Superficie: 565.0 Habitantes: 1021200 es sede: true
Nombre: BORISOGLEBSK Superficie: 42.0 Habitantes: 63731 es sede: false
Nombre: SARATOV Superficie: 394.0 Habitantes: 836900 es sede: true
Nombre: SAMARA Superficie: 465.97 Habitantes: 1135318 es sede: true
Nombre: TOLIATTI Superficie: 314.8 Habitantes: 795696 es sede: true
Nombre: KAZAN Superficie: 408.9 Habitantes: 1231878 es sede: true
Nombre: PERM Superficie: 800.0 Habitantes: 1026477 es sede: false
Nombre: EKATERIMBURGO Superficie: 490.0 Habitantes: 1501000 es sede: true

Nombre: MOSCU Superficie: 2561.5 Habitantes: 12506468 es sede: true
Nombre: ROSTOV DEL DON Superficie: 354.0 Habitantes: 1133307 es sede: true
Nombre: VOLGOGRADO Superficie: 565.0 Habitantes: 1021200 es sede: true
Nombre: BORISOGLEBSK Superficie: 42.0 Habitantes: 63731 es sede: false
Nombre: SARATOV Superficie: 394.0 Habitantes: 836900 es sede: true
Nombre: SAMARA Superficie: 465.97 Habitantes: 1135318 es sede: true
Nombre: TOLIATTI Superficie: 314.8 Habitantes: 795696 es sede: true
Nombre: KAZAN Superficie: 408.9 Habitantes: 1231878 es sede: true
Nombre: KIROV Superficie: 757.0 Habitantes: 501468 es sede: true
Nombre: PERM Superficie: 800.0 Habitantes: 1026477 es sede: false
Nombre: EKATERIMBURGO Superficie: 490.0 Habitantes: 1501000 es sede: true

Nombre: MOSCU Superficie: 2561.5 Habitantes: 12506468 es sede: true
Nombre: ROSTOV DEL DON Superficie: 354.0 Habitantes: 1133307 es sede: true
Nombre: VOLGOGRADO Superficie: 565.0 Habitantes: 1021200 es sede: true
Nombre: BORISOGLEBSK Superficie: 42.0 Habitantes: 63731 es sede: false
Nombre: SARATOV Superficie: 394.0 Habitantes: 836900 es sede: true
Nombre: SAMARA Superficie: 465.97 Habitantes: 1135318 es sede: true
Nombre: EKATERIMBURGO Superficie: 490.0 Habitantes: 1501000 es sede: true

Nombre: MOSCU Superficie: 2561.5 Habitantes: 12506468 es sede: true
Nombre: ROSTOV DEL DON Superficie: 354.0 Habitantes: 1133307 es sede: true
Nombre: VOLGOGRADO Superficie: 565.0 Habitantes: 1021200 es sede: true
Nombre: SARATOV Superficie: 394.0 Habitantes: 836900 es sede: true
Nombre: SAMARA Superficie: 465.97 Habitantes: 1135318 es sede: true
Nombre: TOLIATTI Superficie: 314.8 Habitantes: 795696 es sede: true
Nombre: KAZAN Superficie: 408.9 Habitantes: 1231878 es sede: true
Nombre: NIZHNI NOVGOROD Superficie: 673.0 Habitantes: 1267760 es sede: true
Nombre: KIROV Superficie: 757.0 Habitantes: 501468 es sede: true
Nombre: PERM Superficie: 800.0 Habitantes: 1026477 es sede: false
Nombre: EKATERIMBURGO Superficie: 490.0 Habitantes: 1501000 es sede: true

Nombre: MOSCU Superficie: 2561.5 Habitantes: 12506468 es sede: true
Nombre: ROSTOV DEL DON Superficie: 354.0 Habitantes: 1133307 es sede: true
Nombre: VOLGOGRADO Superficie: 565.0 Habitantes: 1021200 es sede: true
Nombre: SARATOV Superficie: 394.0 Habitantes: 836900 es sede: true
Nombre: SAMARA Superficie: 465.97 Habitantes: 1135318 es sede: true
Nombre: TOLIATTI Superficie: 314.8 Habitantes: 795696 es sede: true
Nombre: KAZAN Superficie: 408.9 Habitantes: 1231878 es sede: true
Nombre: PERM Superficie: 800.0 Habitantes: 1026477 es sede: false
Nombre: EKATERIMBURGO Superficie: 490.0 Habitantes: 1501000 es sede: true

Nombre: MOSCU Superficie: 2561.5 Habitantes: 12506468 es sede: true
Nombre: ROSTOV DEL DON Superficie: 354.0 Habitantes: 1133307 es sede: true
Nombre: VOLGOGRADO Superficie: 565.0 Habitantes: 1021200 es sede: true
Nombre: SARATOV Superficie: 394.0 Habitantes: 836900 es sede: true
Nombre: SAMARA Superficie: 465.97 Habitantes: 1135318 es sede: true
Nombre: TOLIATTI Superficie: 314.8 Habitantes: 795696 es sede: true
Nombre: KAZAN Superficie: 408.9 Habitantes: 1231878 es sede: true
Nombre: KIROV Superficie: 757.0 Habitantes: 501468 es sede: true
Nombre: PERM Superficie: 800.0 Habitantes: 1026477 es sede: false
Nombre: EKATERIMBURGO Superficie: 490.0 Habitantes: 1501000 es sede: true

Nombre: MOSCU Superficie: 2561.5 Habitantes: 12506468 es sede: true
Nombre: ROSTOV DEL DON Superficie: 354.0 Habitantes: 1133307 es sede: true
Nombre: VOLGOGRADO Superficie: 565.0 Habitantes: 1021200 es sede: true
Nombre: SARATOV Superficie: 394.0 Habitantes: 836900 es sede: true
Nombre: SAMARA Superficie: 465.97 Habitantes: 1135318 es sede: true
Nombre: EKATERIMBURGO Superficie: 490.0 Habitantes: 1501000 es sede: true

Nombre: MOSCU Superficie: 2561.5 Habitantes: 12506468 es sede: true
Nombre: BORISOGLEBSK Superficie: 42.0 Habitantes: 63731 es sede: false
Nombre: VOLGOGRADO Superficie: 565.0 Habitantes: 1021200 es sede: true
Nombre: SARATOV Superficie: 394.0 Habitantes: 836900 es sede: true
Nombre: SAMARA Superficie: 465.97 Habitantes: 1135318 es sede: true
Nombre: TOLIATTI Superficie: 314.8 Habitantes: 795696 es sede: true
Nombre: KAZAN Superficie: 408.9 Habitantes: 1231878 es sede: true
Nombre: NIZHNI NOVGOROD Superficie: 673.0 Habitantes: 1267760 es sede: true
Nombre: KIROV Superficie: 757.0 Habitantes: 501468 es sede: true
Nombre: PERM Superficie: 800.0 Habitantes: 1026477 es sede: false
Nombre: EKATERIMBURGO Superficie: 490.0 Habitantes: 1501000 es sede: true

Nombre: MOSCU Superficie: 2561.5 Habitantes: 12506468 es sede: true
Nombre: BORISOGLEBSK Superficie: 42.0 Habitantes: 63731 es sede: false
Nombre: VOLGOGRADO Superficie: 565.0 Habitantes: 1021200 es sede: true
Nombre: SARATOV Superficie: 394.0 Habitantes: 836900 es sede: true
Nombre: SAMARA Superficie: 465.97 Habitantes: 1135318 es sede: true
Nombre: TOLIATTI Superficie: 314.8 Habitantes: 795696 es sede: true
Nombre: KAZAN Superficie: 408.9 Habitantes: 1231878 es sede: true
Nombre: PERM Superficie: 800.0 Habitantes: 1026477 es sede: false
Nombre: EKATERIMBURGO Superficie: 490.0 Habitantes: 1501000 es sede: true

Nombre: MOSCU Superficie: 2561.5 Habitantes: 12506468 es sede: true
Nombre: BORISOGLEBSK Superficie: 42.0 Habitantes: 63731 es sede: false
Nombre: VOLGOGRADO Superficie: 565.0 Habitantes: 1021200 es sede: true
Nombre: SARATOV Superficie: 394.0 Habitantes: 836900 es sede: true
Nombre: SAMARA Superficie: 465.97 Habitantes: 1135318 es sede: true
Nombre: TOLIATTI Superficie: 314.8 Habitantes: 795696 es sede: true
Nombre: KAZAN Superficie: 408.9 Habitantes: 1231878 es sede: true
Nombre: KIROV Superficie: 757.0 Habitantes: 501468 es sede: true
Nombre: PERM Superficie: 800.0 Habitantes: 1026477 es sede: false
Nombre: EKATERIMBURGO Superficie: 490.0 Habitantes: 1501000 es sede: true

Nombre: MOSCU Superficie: 2561.5 Habitantes: 12506468 es sede: true
Nombre: BORISOGLEBSK Superficie: 42.0 Habitantes: 63731 es sede: false
Nombre: VOLGOGRADO Superficie: 565.0 Habitantes: 1021200 es sede: true
Nombre: SARATOV Superficie: 394.0 Habitantes: 836900 es sede: true
Nombre: SAMARA Superficie: 465.97 Habitantes: 1135318 es sede: true
Nombre: EKATERIMBURGO Superficie: 490.0 Habitantes: 1501000 es sede: true

Nombre: MOSCU Superficie: 2561.5 Habitantes: 12506468 es sede: true
Nombre: BORISOGLEBSK Superficie: 42.0 Habitantes: 63731 es sede: false
Nombre: SARATOV Superficie: 394.0 Habitantes: 836900 es sede: true
Nombre: SAMARA Superficie: 465.97 Habitantes: 1135318 es sede: true
Nombre: TOLIATTI Superficie: 314.8 Habitantes: 795696 es sede: true
Nombre: KAZAN Superficie: 408.9 Habitantes: 1231878 es sede: true
Nombre: NIZHNI NOVGOROD Superficie: 673.0 Habitantes: 1267760 es sede: true
Nombre: KIROV Superficie: 757.0 Habitantes: 501468 es sede: true
Nombre: PERM Superficie: 800.0 Habitantes: 1026477 es sede: false
Nombre: EKATERIMBURGO Superficie: 490.0 Habitantes: 1501000 es sede: true

Nombre: MOSCU Superficie: 2561.5 Habitantes: 12506468 es sede: true
Nombre: BORISOGLEBSK Superficie: 42.0 Habitantes: 63731 es sede: false
Nombre: SARATOV Superficie: 394.0 Habitantes: 836900 es sede: true
Nombre: SAMARA Superficie: 465.97 Habitantes: 1135318 es sede: true
Nombre: TOLIATTI Superficie: 314.8 Habitantes: 795696 es sede: true
Nombre: KAZAN Superficie: 408.9 Habitantes: 1231878 es sede: true
Nombre: PERM Superficie: 800.0 Habitantes: 1026477 es sede: false
Nombre: EKATERIMBURGO Superficie: 490.0 Habitantes: 1501000 es sede: true

Nombre: MOSCU Superficie: 2561.5 Habitantes: 12506468 es sede: true
Nombre: BORISOGLEBSK Superficie: 42.0 Habitantes: 63731 es sede: false
Nombre: SARATOV Superficie: 394.0 Habitantes: 836900 es sede: true
Nombre: SAMARA Superficie: 465.97 Habitantes: 1135318 es sede: true
Nombre: TOLIATTI Superficie: 314.8 Habitantes: 795696 es sede: true
Nombre: KAZAN Superficie: 408.9 Habitantes: 1231878 es sede: true
Nombre: KIROV Superficie: 757.0 Habitantes: 501468 es sede: true
Nombre: PERM Superficie: 800.0 Habitantes: 1026477 es sede: false
Nombre: EKATERIMBURGO Superficie: 490.0 Habitantes: 1501000 es sede: true

Nombre: MOSCU Superficie: 2561.5 Habitantes: 12506468 es sede: true
Nombre: BORISOGLEBSK Superficie: 42.0 Habitantes: 63731 es sede: false
Nombre: SARATOV Superficie: 394.0 Habitantes: 836900 es sede: true
Nombre: SAMARA Superficie: 465.97 Habitantes: 1135318 es sede: true
Nombre: EKATERIMBURGO Superficie: 490.0 Habitantes: 1501000 es sede: true

Nombre: MOSCU Superficie: 2561.5 Habitantes: 12506468 es sede: true
Nombre: TOLIATTI Superficie: 314.8 Habitantes: 795696 es sede: true
Nombre: SAMARA Superficie: 465.97 Habitantes: 1135318 es sede: true
Nombre: EKATERIMBURGO Superficie: 490.0 Habitantes: 1501000 es sede: true

Nombre: MOSCU Superficie: 2561.5 Habitantes: 12506468 es sede: true
Nombre: TOLIATTI Superficie: 314.8 Habitantes: 795696 es sede: true
Nombre: KAZAN Superficie: 408.9 Habitantes: 1231878 es sede: true
Nombre: NIZHNI NOVGOROD Superficie: 673.0 Habitantes: 1267760 es sede: true
Nombre: KIROV Superficie: 757.0 Habitantes: 501468 es sede: true
Nombre: PERM Superficie: 800.0 Habitantes: 1026477 es sede: false
Nombre: EKATERIMBURGO Superficie: 490.0 Habitantes: 1501000 es sede: true

Nombre: MOSCU Superficie: 2561.5 Habitantes: 12506468 es sede: true
Nombre: TOLIATTI Superficie: 314.8 Habitantes: 795696 es sede: true
Nombre: KAZAN Superficie: 408.9 Habitantes: 1231878 es sede: true
Nombre: PERM Superficie: 800.0 Habitantes: 1026477 es sede: false
Nombre: EKATERIMBURGO Superficie: 490.0 Habitantes: 1501000 es sede: true

Nombre: MOSCU Superficie: 2561.5 Habitantes: 12506468 es sede: true
Nombre: TOLIATTI Superficie: 314.8 Habitantes: 795696 es sede: true
Nombre: KAZAN Superficie: 408.9 Habitantes: 1231878 es sede: true
Nombre: KIROV Superficie: 757.0 Habitantes: 501468 es sede: true
Nombre: PERM Superficie: 800.0 Habitantes: 1026477 es sede: false
Nombre: EKATERIMBURGO Superficie: 490.0 Habitantes: 1501000 es sede: true

Nombre: MOSCU Superficie: 2561.5 Habitantes: 12506468 es sede: true
Nombre: NIZHNI NOVGOROD Superficie: 673.0 Habitantes: 1267760 es sede: true
Nombre: KAZAN Superficie: 408.9 Habitantes: 1231878 es sede: true
Nombre: TOLIATTI Superficie: 314.8 Habitantes: 795696 es sede: true
Nombre: SAMARA Superficie: 465.97 Habitantes: 1135318 es sede: true
Nombre: EKATERIMBURGO Superficie: 490.0 Habitantes: 1501000 es sede: true

Nombre: MOSCU Superficie: 2561.5 Habitantes: 12506468 es sede: true
Nombre: NIZHNI NOVGOROD Superficie: 673.0 Habitantes: 1267760 es sede: true
Nombre: KAZAN Superficie: 408.9 Habitantes: 1231878 es sede: true
Nombre: PERM Superficie: 800.0 Habitantes: 1026477 es sede: false
Nombre: EKATERIMBURGO Superficie: 490.0 Habitantes: 1501000 es sede: true

Nombre: MOSCU Superficie: 2561.5 Habitantes: 12506468 es sede: true
Nombre: NIZHNI NOVGOROD Superficie: 673.0 Habitantes: 1267760 es sede: true
Nombre: KAZAN Superficie: 408.9 Habitantes: 1231878 es sede: true
Nombre: KIROV Superficie: 757.0 Habitantes: 501468 es sede: true
Nombre: PERM Superficie: 800.0 Habitantes: 1026477 es sede: false
Nombre: EKATERIMBURGO Superficie: 490.0 Habitantes: 1501000 es sede: true

Nombre: MOSCU Superficie: 2561.5 Habitantes: 12506468 es sede: true
Nombre: NIZHNI NOVGOROD Superficie: 673.0 Habitantes: 1267760 es sede: true
Nombre: KIROV Superficie: 757.0 Habitantes: 501468 es sede: true
Nombre: KAZAN Superficie: 408.9 Habitantes: 1231878 es sede: true
Nombre: TOLIATTI Superficie: 314.8 Habitantes: 795696 es sede: true
Nombre: SAMARA Superficie: 465.97 Habitantes: 1135318 es sede: true
Nombre: EKATERIMBURGO Superficie: 490.0 Habitantes: 1501000 es sede: true

Nombre: MOSCU Superficie: 2561.5 Habitantes: 12506468 es sede: true
Nombre: NIZHNI NOVGOROD Superficie: 673.0 Habitantes: 1267760 es sede: true
Nombre: KIROV Superficie: 757.0 Habitantes: 501468 es sede: true
Nombre: KAZAN Superficie: 408.9 Habitantes: 1231878 es sede: true
Nombre: PERM Superficie: 800.0 Habitantes: 1026477 es sede: false
Nombre: EKATERIMBURGO Superficie: 490.0 Habitantes: 1501000 es sede: true

Nombre: MOSCU Superficie: 2561.5 Habitantes: 12506468 es sede: true
Nombre: NIZHNI NOVGOROD Superficie: 673.0 Habitantes: 1267760 es sede: true
Nombre: KIROV Superficie: 757.0 Habitantes: 501468 es sede: true
Nombre: PERM Superficie: 800.0 Habitantes: 1026477 es sede: false
Nombre: EKATERIMBURGO Superficie: 490.0 Habitantes: 1501000 es sede: true

Nombre: MOSCU Superficie: 2561.5 Habitantes: 12506468 es sede: true
Nombre: NIZHNI NOVGOROD Superficie: 673.0 Habitantes: 1267760 es sede: true
Nombre: KIROV Superficie: 757.0 Habitantes: 501468 es sede: true
Nombre: PERM Superficie: 800.0 Habitantes: 1026477 es sede: false
Nombre: KAZAN Superficie: 408.9 Habitantes: 1231878 es sede: true
Nombre: TOLIATTI Superficie: 314.8 Habitantes: 795696 es sede: true
Nombre: SAMARA Superficie: 465.97 Habitantes: 1135318 es sede: true
Nombre: EKATERIMBURGO Superficie: 490.0 Habitantes: 1501000 es sede: true


jun 16, 2021 2:41:42 PM estructurasdd_tpfinal.Mundial2018 caminoMenorDistancia
INFO: La ruta mas corta para llegar es 
Nombre: MOSCU Superficie: 2561.5 Habitantes: 12506468 es sede: true
Nombre: TVER Superficie: 152.0 Habitantes: 416262 es sede: false
Nombre: SAN PETERSBURGO Superficie: 1439.0 Habitantes: 5383890 es sede: true
Distancia total: 776,99 kilometros
